<?xml version="1.0" encoding="UTF-8"?>
<!-- Generated by org.testng.reporters.JUnitXMLReporter -->
<testsuite hostname="WBLL0317E2597" name="HomePage" tests="4" failures="0" timestamp="9 Aug 2017 05:55:51 GMT" time="1.481" errors="0">
  <testcase name="@BeforeSuite setup" time="0.0" classname="com.drg.methodFlows.startUp">
    <failure type="org.openqa.selenium.WebDriverException" message="unknown error: failed to wait for extension background page to load: chrome-extension://idgpnmonknjnojddfkpgkljpfnnfcklj/_generated_background_page.html
from timeout: Timed out receiving message from renderer: 10.000
  (Driver info: chromedriver=2.24.417431 (9aea000394714d2fbb20850021f6204f2256b9cf),platform=Windows NT 6.1.7601 SP1 x86_64) (WARNING: The server did not provide any stacktrace information)
Command duration or timeout: 13.07 seconds
Build info: version: &amp;apos;unknown&amp;apos;, revision: &amp;apos;unknown&amp;apos;, time: &amp;apos;unknown&amp;apos;
System info: host: &amp;apos;WBLL0317E2597&amp;apos;, ip: &amp;apos;172.19.30.67&amp;apos;, os.name: &amp;apos;Windows 7&amp;apos;, os.arch: &amp;apos;amd64&amp;apos;, os.version: &amp;apos;6.1&amp;apos;, java.version: &amp;apos;1.8.0_65&amp;apos;
Driver info: driver.version: ChromeDriver">
      <![CDATA[org.openqa.selenium.WebDriverException: unknown error: failed to wait for extension background page to load: chrome-extension://idgpnmonknjnojddfkpgkljpfnnfcklj/_generated_background_page.html
from timeout: Timed out receiving message from renderer: 10.000
  (Driver info: chromedriver=2.24.417431 (9aea000394714d2fbb20850021f6204f2256b9cf),platform=Windows NT 6.1.7601 SP1 x86_64) (WARNING: The server did not provide any stacktrace information)
Command duration or timeout: 13.07 seconds
Build info: version: 'unknown', revision: 'unknown', time: 'unknown'
System info: host: 'WBLL0317E2597', ip: '172.19.30.67', os.name: 'Windows 7', os.arch: 'amd64', os.version: '6.1', java.version: '1.8.0_65'
Driver info: driver.version: ChromeDriver
	at org.openqa.selenium.remote.ErrorHandler.createThrowable(ErrorHandler.java:215)
	at org.openqa.selenium.remote.ErrorHandler.throwIfResponseFailed(ErrorHandler.java:167)
	at org.openqa.selenium.remote.JsonWireProtocolResponse.lambda$new$0(JsonWireProtocolResponse.java:53)
	at org.openqa.selenium.remote.JsonWireProtocolResponse.lambda$getResponseFunction$2(JsonWireProtocolResponse.java:91)
	at org.openqa.selenium.remote.ProtocolHandshake.lambda$createSession$22(ProtocolHandshake.java:365)
	at java.util.stream.ReferencePipeline$3$1.accept(Unknown Source)
	at java.util.Spliterators$ArraySpliterator.tryAdvance(Unknown Source)
	at java.util.stream.ReferencePipeline.forEachWithCancel(Unknown Source)
	at java.util.stream.AbstractPipeline.copyIntoWithCancel(Unknown Source)
	at java.util.stream.AbstractPipeline.copyInto(Unknown Source)
	at java.util.stream.AbstractPipeline.wrapAndCopyInto(Unknown Source)
	at java.util.stream.FindOps$FindOp.evaluateSequential(Unknown Source)
	at java.util.stream.AbstractPipeline.evaluate(Unknown Source)
	at java.util.stream.ReferencePipeline.findFirst(Unknown Source)
	at org.openqa.selenium.remote.ProtocolHandshake.createSession(ProtocolHandshake.java:368)
	at org.openqa.selenium.remote.ProtocolHandshake.createSession(ProtocolHandshake.java:159)
	at org.openqa.selenium.remote.HttpCommandExecutor.execute(HttpCommandExecutor.java:142)
	at org.openqa.selenium.remote.service.DriverCommandExecutor.execute(DriverCommandExecutor.java:82)
	at org.openqa.selenium.remote.RemoteWebDriver.execute(RemoteWebDriver.java:637)
	at org.openqa.selenium.remote.RemoteWebDriver.startSession(RemoteWebDriver.java:250)
	at org.openqa.selenium.remote.RemoteWebDriver.startSession(RemoteWebDriver.java:236)
	at org.openqa.selenium.remote.RemoteWebDriver.<init>(RemoteWebDriver.java:137)
	at org.openqa.selenium.chrome.ChromeDriver.<init>(ChromeDriver.java:184)
	at org.openqa.selenium.chrome.ChromeDriver.<init>(ChromeDriver.java:171)
	at org.openqa.selenium.chrome.ChromeDriver.<init>(ChromeDriver.java:158)
	at com.cvas.qa.profileAddons.CreateProfile.ChromeProfile(CreateProfile.java:36)
	at com.cvas.qa.portalinfo.browserDetails.browseEnable(browserDetails.java:25)
	at com.drg.methodFlows.startUp.setup(startUp.java:33)
... Removed 22 stack frames]]>
    </failure>
  </testcase> <!-- @BeforeSuite setup -->
  <testcase name="Launch" time="0.002" classname="com.drg.methodFlows.startUp">
    <skipped/>
  </testcase> <!-- Launch -->
  <testcase name="searchInputs" time="0.002" classname="com.drg.helpers.DataProviderInvoker">
    <skipped/>
  </testcase> <!-- searchInputs -->
  <testcase name="searchInputs" time="0.001" classname="com.drg.helpers.DataProviderInvoker">
    <skipped/>
  </testcase> <!-- searchInputs -->
  <testcase name="searchInputs" time="0.003" classname="com.drg.helpers.DataProviderInvoker">
    <skipped/>
  </testcase> <!-- searchInputs -->
</testsuite> <!-- HomePage -->
